


ARM Macro Assembler    Page 1 


    1 00000000 00000080 
                       I_Bit   EQU              0x00000080
    2 00000000         
    3 00000000 E000C014 
                       UART_LSR
                               EQU              0xE000C014
    4 00000000 E000C004 
                       UART_IER
                               EQU              0xE000C004
    5 00000000 E000C000 
                       UART_THR
                               EQU              0xE000C000
    6 00000000 E000C008 
                       UART_IIR
                               EQU              0xE000C008
    7 00000000         
    8 00000000 E001C004 
                       I2C_STAT
                               EQU              0xE001C004
    9 00000000 E001C000 
                       I2C_CONSET
                               EQU              0xE001C000
   10 00000000 E001C008 
                       I2C_DATA
                               EQU              0xE001C008
   11 00000000 E001C018 
                       I2C_CONCLR
                               EQU              0xE001C018
   12 00000000         
   13 00000000                 EXPORT           ABORT_CODE
   14 00000000         
   15 00000000                 AREA             ISR_MEM,DATA,READWRITE
   16 00000000 00 00 00 
              00       ABORT_CODE
                               SPACE            4
   17 00000004 00 00 00 
              00       ABORT_ADDR
                               SPACE            4
   18 00000008         
   19 00000008                 EXPORT           Undefine_ISR
   20 00000008                 EXPORT           SWI_ISR
   21 00000008                 EXPORT           PAbt_ISR
   22 00000008                 EXPORT           DAbt_ISR
   23 00000008                 EXPORT           FIQ_ISR
   24 00000008         
   25 00000008                 PRESERVE8
   26 00000008                 AREA             ISR,CODE,READONLY
   27 00000000         Undefine_ISR
   28 00000000 E92D0003        STMFD            SP!,{R0,R1}
   29 00000004 E24E0004        SUB              R0,LR,#4
   30 00000008 E59F108C        LDR              R1,=ABORT_ADDR
   31 0000000C E5810000        STR              R0,[R1]
   32 00000010 E51E0004        LDR              R0,[LR,#-4]
   33 00000014 E59F1084        LDR              R1,=ABORT_CODE
   34 00000018 E5810000        STR              R0,[R1]
   35 0000001C E8BD0003        LDMFD            SP!,{R0,R1}
   36 00000020 E1B0F00E        MOVS             PC,LR
   37 00000024         SWI_ISR
   38 00000024 E92D4003        STMFD            SP!,{R0,R1,LR}



ARM Macro Assembler    Page 2 


   39 00000028 E51E1004        LDR              R1,[LR,#-4]
   40 0000002C E3E004FF        LDR              R0,=0x00FFFFFF
   41 00000030 E0000001        AND              R0,R0,R1
   42 00000034 E8FD8003        LDMFD            SP!,{R0,R1,PC}^
   43 00000038         PAbt_ISR
   44 00000038 E92D0003        STMFD            SP!,{R0,R1}
   45 0000003C E24E0004        SUB              R0,LR,#4
   46 00000040 E59F1054        LDR              R1,=ABORT_ADDR
   47 00000044 E5810000        STR              R0,[R1]
   48 00000048 E51E0004        LDR              R0,[LR,#-4]
   49 0000004C E59F104C        LDR              R1,=ABORT_CODE
   50 00000050 E5810000        STR              R0,[R1]
   51 00000054 E8BD0003        LDMFD            SP!,{R0,R1}
   52 00000058 E25EF004        SUBS             PC,LR,#4
   53 0000005C         DAbt_ISR
   54 0000005C E92D0003        STMFD            SP!,{R0,R1}
   55 00000060 E24E0008        SUB              R0,LR,#8
   56 00000064 E59F1030        LDR              R1,=ABORT_ADDR
   57 00000068 E5810000        STR              R0,[R1]
   58 0000006C E51E0008        LDR              R0,[LR,#-8]
   59 00000070 E59F1028        LDR              R1,=ABORT_CODE
   60 00000074 E5810000        STR              R0,[R1]
   61 00000078 E8BD0003        LDMFD            SP!,{R0,R1}
   62 0000007C E25EF008        SUBS             PC,LR,#8
   63 00000080         
   64 00000080         
   65 00000080                 EXPORT           Default_vIRQ_ISR
   66 00000080         
   67 00000080         Default_vIRQ_ISR
   68 00000080 E24EE004        SUB              LR,LR,#4    ; Adjust LR to poin
                                                            t to return
   69 00000084 E92D401F        STMFD            SP!,{R0-R4,LR} ; Get some free 
                                                            regs
   70 00000088 E14FE000        MRS              LR, SPSR    ; See if we got an 
                                                            interrupt while
   71 0000008C E31E0080        TST              LR, #I_Bit  ; interrupts were d
                                                            isabled.
   72 00000090 18FD801F        LDMNEFD          SP!,{R0-R4,PC}^ ; If so, just r
                                                            eturn immediately.
   73 00000094         ; The interrupt will remain pending since we haven¡¯t
   74 00000094         ; acknowledged it and will be reissued when interrupts
   75 00000094         ; are next enabled.
   76 00000094 E59FF008        LDR              PC,=0xFFFFF030 ; Rest of interr
                                                            upt routine
   77 00000098         
   78 00000098         FIQ_ISR
   79 00000098 E25EF004        SUBS             PC,R14,#4
   80 0000009C         
   81 0000009C         
   82 0000009C         
   83 0000009C         
   84 0000009C                 END
              00000000 
              00000000 
              FFFFF030 
Command Line: --debug --xref --device=DARMP --apcs=interwork -oISR.o -I"D:\Keil
 for ARM\ARM\INC\Philips" --list=ISR.lst ISR.s



ARM Macro Assembler    Page 1 Alphabetic symbol ordering
Relocatable symbols

ABORT_ADDR 00000004

Symbol: ABORT_ADDR
   Definitions
      At line 17 in file ISR.s
   Uses
      At line 30 in file ISR.s
      At line 46 in file ISR.s
      At line 56 in file ISR.s

ABORT_CODE 00000000

Symbol: ABORT_CODE
   Definitions
      At line 16 in file ISR.s
   Uses
      At line 13 in file ISR.s
      At line 33 in file ISR.s
      At line 49 in file ISR.s
      At line 59 in file ISR.s

ISR_MEM 00000000

Symbol: ISR_MEM
   Definitions
      At line 15 in file ISR.s
   Uses
      None
Comment: ISR_MEM unused
3 symbols



ARM Macro Assembler    Page 1 Alphabetic symbol ordering
Relocatable symbols

DAbt_ISR 0000005C

Symbol: DAbt_ISR
   Definitions
      At line 53 in file ISR.s
   Uses
      At line 22 in file ISR.s
Comment: DAbt_ISR used once
Default_vIRQ_ISR 00000080

Symbol: Default_vIRQ_ISR
   Definitions
      At line 67 in file ISR.s
   Uses
      At line 65 in file ISR.s
Comment: Default_vIRQ_ISR used once
FIQ_ISR 00000098

Symbol: FIQ_ISR
   Definitions
      At line 78 in file ISR.s
   Uses
      At line 23 in file ISR.s
Comment: FIQ_ISR used once
ISR 00000000

Symbol: ISR
   Definitions
      At line 26 in file ISR.s
   Uses
      None
Comment: ISR unused
PAbt_ISR 00000038

Symbol: PAbt_ISR
   Definitions
      At line 43 in file ISR.s
   Uses
      At line 21 in file ISR.s
Comment: PAbt_ISR used once
SWI_ISR 00000024

Symbol: SWI_ISR
   Definitions
      At line 37 in file ISR.s
   Uses
      At line 20 in file ISR.s
Comment: SWI_ISR used once
Undefine_ISR 00000000

Symbol: Undefine_ISR
   Definitions
      At line 27 in file ISR.s
   Uses
      At line 19 in file ISR.s
Comment: Undefine_ISR used once
7 symbols



ARM Macro Assembler    Page 1 Alphabetic symbol ordering
Relocatable symbols

.debug_info$$$ISR 00000000

Symbol: .debug_info$$$ISR
   Definitions
      None
   Uses
      None
Warning: .debug_info$$$ISR undefinedComment: .debug_info$$$ISR unused
1 symbol



ARM Macro Assembler    Page 1 Alphabetic symbol ordering
Relocatable symbols

.debug_line$$$ISR 00000000

Symbol: .debug_line$$$ISR
   Definitions
      None
   Uses
      None
Warning: .debug_line$$$ISR undefinedComment: .debug_line$$$ISR unused
1 symbol



ARM Macro Assembler    Page 1 Alphabetic symbol ordering
Relocatable symbols

.debug_abbrev 00000000

Symbol: .debug_abbrev
   Definitions
      None
   Uses
      None
Warning: .debug_abbrev undefinedComment: .debug_abbrev unused
__ARM_asm.debug_abbrev 00000000

Symbol: __ARM_asm.debug_abbrev
   Definitions
      None
   Uses
      None
Warning: __ARM_asm.debug_abbrev undefinedComment: __ARM_asm.debug_abbrev unused
2 symbols



ARM Macro Assembler    Page 1 Alphabetic symbol ordering
Absolute symbols

I2C_CONCLR E001C018

Symbol: I2C_CONCLR
   Definitions
      At line 11 in file ISR.s
   Uses
      None
Comment: I2C_CONCLR unused
I2C_CONSET E001C000

Symbol: I2C_CONSET
   Definitions
      At line 9 in file ISR.s
   Uses
      None
Comment: I2C_CONSET unused
I2C_DATA E001C008

Symbol: I2C_DATA
   Definitions
      At line 10 in file ISR.s
   Uses
      None
Comment: I2C_DATA unused
I2C_STAT E001C004

Symbol: I2C_STAT
   Definitions
      At line 8 in file ISR.s
   Uses
      None
Comment: I2C_STAT unused
I_Bit 00000080

Symbol: I_Bit
   Definitions
      At line 1 in file ISR.s
   Uses
      At line 71 in file ISR.s
Comment: I_Bit used once
UART_IER E000C004

Symbol: UART_IER
   Definitions
      At line 4 in file ISR.s
   Uses
      None
Comment: UART_IER unused
UART_IIR E000C008

Symbol: UART_IIR
   Definitions
      At line 6 in file ISR.s
   Uses
      None
Comment: UART_IIR unused
UART_LSR E000C014

Symbol: UART_LSR



ARM Macro Assembler    Page 2 Alphabetic symbol ordering
Absolute symbols

   Definitions
      At line 3 in file ISR.s
   Uses
      None
Comment: UART_LSR unused
UART_THR E000C000

Symbol: UART_THR
   Definitions
      At line 5 in file ISR.s
   Uses
      None
Comment: UART_THR unused
9 symbols
344 symbols in table
