


ARM Macro Assembler    Page 1 


    1 00000000         
    2 00000000         ; VIC
    3 00000000         ;-------------------------------------------------------
                       -----
    4 00000000         ; VIC register setting 
    5 00000000 FFFFF020 
                       VIC_InterruptProtectionAddr
                               EQU              0xFFFFF020
    6 00000000 00000001 
                       VIC_InterruptProtectionVal
                               EQU              0x00000001
    7 00000000         
    8 00000000 FFFFF014 
                       VIC_InterruptClearAddr
                               EQU              0xFFFFF014
    9 00000000         
   10 00000000 FFFFF010 
                       VIC_InterruptEnableAddr
                               EQU              0xFFFFF010
   11 00000000 00000020 
                       VIC_InterruptEnableVal
                               EQU              0x00000020  ;disable all the in
                                                            terrupt
   12 00000000         ; 0x00012270    ; FPO ,I2C  , RTC , UART0 , TIMER0/1 
   13 00000000         
   14 00000000 FFFFF00C 
                       VIC_InterruptSelectAddr
                               EQU              0xFFFFF00C
   15 00000000 00000000 
                       VIC_InterruptSelectVal
                               EQU              0x00000000  ;disable FIQ
   16 00000000         ;0x00010000    ;  set the FPO as FIQ
   17 00000000         
   18 00000000         ;set the vector-IRQ 
   19 00000000 FFFFF200 
                       VIC_vectInterrputSlot0SAddr
                               EQU              0xFFFFF200
   20 00000000 FFFFF204 
                       VIC_vectInterrputSlot1SAddr
                               EQU              0xFFFFF204
   21 00000000 FFFFF208 
                       VIC_vectInterrputSlot2SAddr
                               EQU              0xFFFFF208
   22 00000000 FFFFF20C 
                       VIC_vectInterrputSlot3SAddr
                               EQU              0xFFFFF20C
   23 00000000 FFFFF210 
                       VIC_vectInterrputSlot4SAddr
                               EQU              0xFFFFF210
   24 00000000         
   25 00000000 00000025 
                       VIC_vectInterrputSlot0SVal
                               EQU              0x00000025  ;   Timer1   as  sl
                                                            ot0
   26 00000000 00000026 
                       VIC_vectInterrputSlot1SVal
                               EQU              0x00000026  ;   UART0    as  sl
                                                            ot1
   27 00000000 00000024 



ARM Macro Assembler    Page 2 


                       VIC_vectInterrputSlot2SVal
                               EQU              0x00000024  ;   Timer0   as  sl
                                                            ot2
   28 00000000 00000029 
                       VIC_vectInterrputSlot3SVal
                               EQU              0x00000029  ;   I2C   as  slot3
                                                            
   29 00000000 0000002D 
                       VIC_vectInterrputSlot4SVal
                               EQU              0x0000002D  ;   RTC   as  slot4
                                                             
   30 00000000         
   31 00000000                 IMPORT           Default_vIRQ_ISR
   32 00000000         
   33 00000000 FFFFF100 
                       VIC_vectInterrputSlot0AAddr
                               EQU              0xFFFFF100
   34 00000000 FFFFF104 
                       VIC_vectInterrputSlot1AAddr
                               EQU              0xFFFFF104
   35 00000000 FFFFF108 
                       VIC_vectInterrputSlot2AAddr
                               EQU              0xFFFFF108
   36 00000000 FFFFF10C 
                       VIC_vectInterrputSlot3AAddr
                               EQU              0xFFFFF10C
   37 00000000 FFFFF110 
                       VIC_vectInterrputSlot4AAddr
                               EQU              0xFFFFF110
   38 00000000         
   39 00000000         ;VIC_vectInterrputSlot0AVal  EQU    TIMER1_vIRQ_ISR   ; 
                         Timer1   as  slot0
   40 00000000         ;VIC_vectInterrputSlot1AVal  EQU    UART0_vIRQ_ISR   ;  
                        UART0    as  slot1
   41 00000000         ;VIC_vectInterrputSlot2AVal  EQU    TIMER0_vIRQ_ISR   ; 
                         Timer0   as  slot2
   42 00000000         ;VIC_vectInterrputSlot3AVal  EQU    I2C_vIRQ_ISR   ;   I
                       2C   as  slot3
   43 00000000         ;VIC_vectInterrputSlot4AVal  EQU    RTC_vIRQ_ISR   ;   R
                       TC   as  slot4 
   44 00000000         
   45 00000000 FFFFF034 
                       VIC_vectInterrputDefISRAddr
                               EQU              0xFFFFF034
   46 00000000         
   47 00000000         ;UART
   48 00000000         ;-------------------------------------------------------
                       -----
   49 00000000 00000000 
                       UART_EXT_BAUD_SETTING
                               EQU              0
   50 00000000         
   51 00000000 E000C00C 
                       UART_LineControlAddr
                               EQU              0xE000C00C
   52 00000000 0000001B 
                       UART_LineControlVal
                               EQU              0x1B
   53 00000000         



ARM Macro Assembler    Page 3 


   54 00000000         ; set the baud rate as 38400   crystal oscillator 11.059
                       2MHz
   55 00000000         ;   As to 38400      U0DLM  0    U0DLL  5A    DivVal  0 
                          MulVal   0
   56 00000000 E000C000 
                       UART_DivideLowAddr
                               EQU              0xE000C000
   57 00000000 0000005A 
                       UART_DivideLowVal
                               EQU              0x5A
   58 00000000 00000047 
                       UART_DivideLowExtVal
                               EQU              0x47
   59 00000000 E000C004 
                       UART_DivideHighAddr
                               EQU              0xE000C004
   60 00000000 00000000 
                       UART_DivideHighVal
                               EQU              0x00
   61 00000000 00000000 
                       UART_DivideHighExtVal
                               EQU              0x00
   62 00000000         
   63 00000000 E000C028 
                       UART_FractionDivideAddr
                               EQU              0xE000C028
   64 00000000 000000E5 
                       UART_FractionDivideVal
                               EQU              0x000000E5
   65 00000000         
   66 00000000 E000C008 
                       UART_FIFOControlAddr
                               EQU              0xE000C008
   67 00000000 00000047 
                       UART_FIFOControlVal
                               EQU              0x47        ;  4chars trigger  
                                                             enable FIFO
   68 00000000         
   69 00000000 E000C004 
                       UART_InterruptEnableAddr
                               EQU              0xE000C004
   70 00000000 00000005 
                       UART_InterruptEnableVal
                               EQU              0x05        ;Enable 2 interrupt
                                                            s
   71 00000000         
   72 00000000 E000C000 
                       UART_DataAddr
                               EQU              0xE000C000
   73 00000000         
   74 00000000         ;Power Control
   75 00000000         ;-------------------------------------------------------
                       ---
   76 00000000         ;power control register
   77 00000000 E01FC0C4 
                       PCONP_ADDR
                               EQU              0xE01FC0C4
   78 00000000 00000A8E 
                       PCONP_VAL



ARM Macro Assembler    Page 4 


                               EQU              0x00000A8E
   79 00000000         
   80 00000000         ;GPIO
   81 00000000         ;-------------------------------------------------------
                       ---
   82 00000000         ;GPIO setting 
   83 00000000 E0028000 
                       GPIO_PORT0_BASE
                               EQU              0xE0028000
   84 00000000         
   85 00000000 E0028008 
                       GPIO_PORT0_DIR_ADDR
                               EQU              0xE0028008
   86 00000000 E0028004 
                       GPIO_PORT0_SET_ADDR
                               EQU              0xE0028004
   87 00000000 E002800C 
                       GPIO_PORT0_CLR_ADDR
                               EQU              0xE002800C
   88 00000000 00000000 
                       GPIO_PORT0_DIR_VAL
                               EQU              0x00000000
   89 00000000 00000040 
                       GPIO_PORT0_SET_VAL
                               EQU              0x00000040
   90 00000000 7B00BE00 
                       GPIO_PORT0_CLR_VAL
                               EQU              0x7B00BE00
   91 00000000         
   92 00000000 E0028010 
                       GPIO_PORT1_BASE
                               EQU              0xE0028010
   93 00000000         
   94 00000000 E0028018 
                       GPIO_PORT1_DIR_ADDR
                               EQU              0xE0028018
   95 00000000 E0028014 
                       GPIO_PORT1_SET_ADDR
                               EQU              0xE0028014
   96 00000000 E002801C 
                       GPIO_PORT1_CLR_ADDR
                               EQU              0xE002801C
   97 00000000 00000000 
                       GPIO_PORT1_DIR_VAL
                               EQU              0x00000000
   98 00000000 00010000 
                       GPIO_PORT1_SET_VAL
                               EQU              0x00010000
   99 00000000 03C00000 
                       GPIO_PORT1_CLR_VAL
                               EQU              0x03C00000
  100 00000000         
  101 00000000 E0028020 
                       GPIO_PORT2_BASE
                               EQU              0xE0028020
  102 00000000         
  103 00000000 E0028028 
                       GPIO_PORT2_DIR_ADDR
                               EQU              0xE0028028



ARM Macro Assembler    Page 5 


  104 00000000 E0028024 
                       GPIO_PORT2_SET_ADDR
                               EQU              0xE0028024
  105 00000000 E002802C 
                       GPIO_PORT2_CLR_ADDR
                               EQU              0xE002802C
  106 00000000 00000000 
                       GPIO_PORT2_DIR_VAL
                               EQU              0x00000000
  107 00000000 00010000 
                       GPIO_PORT2_SET_VAL
                               EQU              0x00010000
  108 00000000 01E00000 
                       GPIO_PORT2_CLR_VAL
                               EQU              0x01E00000
  109 00000000         
  110 00000000 E0028030 
                       GPIO_PORT3_BASE
                               EQU              0xE0028030
  111 00000000         
  112 00000000 E0028038 
                       GPIO_PORT3_DIR_ADDR
                               EQU              0xE0028038
  113 00000000 E0028034 
                       GPIO_PORT3_SET_ADDR
                               EQU              0xE0028034
  114 00000000 E002803C 
                       GPIO_PORT3_CLR_ADDR
                               EQU              0xE002803C
  115 00000000 00000000 
                       GPIO_PORT3_DIR_VAL
                               EQU              0x00000000
  116 00000000 20000000 
                       GPIO_PORT3_SET_VAL
                               EQU              0x20000000
  117 00000000 00000000 
                       GPIO_PORT3_CLR_VAL
                               EQU              0x00000000
  118 00000000         
  119 00000000         
  120 00000000                 PRESERVE8
  121 00000000                 AREA             PERI_INIT, CODE, READONLY
  122 00000000         
  123 00000000                 EXPORT           PERIPHERIAL_INIT
  124 00000000         
  125 00000000         ; Initialise peripherials System
  126 00000000         PERIPHERIAL_INIT
  127 00000000         ; Initialise Interrupt System
  128 00000000 E59F0178        LDR              R0,=VIC_InterruptClearAddr ;cle
                                                            ar all the interrup
                                                            ts.
  129 00000004 E3E0120F        LDR              R1,=0xFFFFFFF
  130 00000008 E5801000        STR              R1,[R0]
  131 0000000C         
  132 0000000C E59F0170        LDR              R0,=VIC_InterruptSelectAddr
  133 00000010 E3A01000        LDR              R1,=VIC_InterruptSelectVal
  134 00000014 E5801000        STR              R1,[R0]     ;    select the FIQ
                                                            
  135 00000018         



ARM Macro Assembler    Page 6 


  136 00000018 E59F0168        LDR              R0,= VIC_InterruptProtectionAdd
r
  137 0000001C E3A01001        LDR              R1,= VIC_InterruptProtectionVal
  138 00000020 E5801000        STR              R1,[R0]     ; Protect the VIC a
                                                            t the user mode
  139 00000024         
  140 00000024 E59F0160        LDR              R0,=VIC_vectInterrputSlot0SAddr
  141 00000028 E3A01025        LDR              R1,=VIC_vectInterrputSlot0SVal
  142 0000002C E5801000        STR              R1,[R0]
  143 00000030         
  144 00000030 E59F0158        LDR              R0,= VIC_vectInterrputDefISRAdd
r
  145 00000034 E59F1158        LDR              R1,= Default_vIRQ_ISR
  146 00000038 E5801000        STR              R1,[R0]     ; set the default I
                                                            SR address
  147 0000003C         
  148 0000003C E59F0154        LDR              R0,= VIC_InterruptEnableAddr
  149 00000040 E3A01020        LDR              R1,= VIC_InterruptEnableVal ;
  150 00000044 E5801000        STR              R1,[R0]     ; Disable all the i
                                                            nterrupts 
  151 00000048         
  152 00000048         ; set the fast GPIO with mask
  153 00000048         ;  LDR     R0,=CSC_ADDR
  154 00000048         ;  LDR     R1,=CSC_VAL
  155 00000048         ;  STR     R1,[R0]
  156 00000048         
  157 00000048         ;   set the state of GPIO
  158 00000048 E59F014C        LDR              R0,=GPIO_PORT0_BASE
  159 0000004C E3A01000        LDR              R1,=GPIO_PORT0_DIR_VAL
  160 00000050 E5801008        STR              R1,[R0,#0x08] ;  GPIO_PORT0_DIR
                                                            _ADDR
  161 00000054 E3A01040        LDR              R1,=GPIO_PORT0_SET_VAL
  162 00000058 E5801004        STR              R1,[R0,#0x04] ; GPIO_PORT0_SET_
                                                            ADDR
  163 0000005C E59F113C        LDR              R1,=GPIO_PORT0_CLR_VAL
  164 00000060 E580100C        STR              R1,[R0,#0x0C] ;GPIO_PORT0_CLR_A
                                                            DDR
  165 00000064         
  166 00000064 E59F0138        LDR              R0,=GPIO_PORT1_BASE
  167 00000068 E3A01000        LDR              R1,=GPIO_PORT1_DIR_VAL
  168 0000006C E5801008        STR              R1,[R0,#0x08] ;  GPIO_PORT1_DIR
                                                            _ADDR
  169 00000070 E3A01801        LDR              R1,=GPIO_PORT1_SET_VAL
  170 00000074 E5801004        STR              R1,[R0,#0x04] ; GPIO_PORT1_SET_
                                                            ADDR
  171 00000078 E3A0150F        LDR              R1,=GPIO_PORT1_CLR_VAL
  172 0000007C E580100C        STR              R1,[R0,#0x0C] ;GPIO_PORT1_CLR_A
                                                            DDR
  173 00000080         
  174 00000080 E59F0120        LDR              R0,=GPIO_PORT2_BASE
  175 00000084 E3A01000        LDR              R1,=GPIO_PORT2_DIR_VAL
  176 00000088 E5801008        STR              R1,[R0,#0x08] ;  GPIO_PORT2_DIR
                                                            _ADDR
  177 0000008C E3A01801        LDR              R1,=GPIO_PORT2_SET_VAL
  178 00000090 E5801004        STR              R1,[R0,#0x04] ; GPIO_PORT2_SET_
                                                            ADDR
  179 00000094 E3A0161E        LDR              R1,=GPIO_PORT2_CLR_VAL
  180 00000098 E580100C        STR              R1,[R0,#0x0C] ;GPIO_PORT2_CLR_A
                                                            DDR



ARM Macro Assembler    Page 7 


  181 0000009C         
  182 0000009C E59F0108        LDR              R0,=GPIO_PORT3_BASE
  183 000000A0 E3A01000        LDR              R1,=GPIO_PORT3_DIR_VAL
  184 000000A4 E5801008        STR              R1,[R0,#0x08] ;  GPIO_PORT3_DIR
                                                            _ADDR
  185 000000A8 E3A01202        LDR              R1,=GPIO_PORT3_SET_VAL
  186 000000AC E5801004        STR              R1,[R0,#0x04] ; GPIO_PORT3_SET_
                                                            ADDR
  187 000000B0 E3A01000        LDR              R1,=GPIO_PORT3_CLR_VAL
  188 000000B4 E580100C        STR              R1,[R0,#0x0C] ;GPIO_PORT3_CLR_A
                                                            DDR
  189 000000B8         
  190 000000B8         ;  init the UART0 
  191 000000B8 E59F00F0        LDR              R0,=UART_LineControlAddr
  192 000000BC E3A01080        MOV              R1,#0x80    ;enter DLAB mode 
  193 000000C0 E5C01000        STRB             R1,[R0]
  194 000000C4         
  195 000000C4                 IF               UART_EXT_BAUD_SETTING <> 0
  206 000000C4 E59F00E8        LDR              R0,=UART_DivideLowAddr
  207 000000C8 E3A0105A        LDR              R1,=UART_DivideLowVal
  208 000000CC E5C01000        STRB             R1,[R0]
  209 000000D0 E59F00E0        LDR              R0,=UART_DivideHighAddr
  210 000000D4 E3A01000        LDR              R1,=UART_DivideHighVal
  211 000000D8 E5C01000        STRB             R1,[R0]
  212 000000DC                 ENDIF
  213 000000DC E59F00CC        LDR              R0,=UART_LineControlAddr
  214 000000E0 E3A0101B        MOV              R1,#UART_LineControlVal ;#0x1B 
                                                             ;DLAB = 0   Even P
                                                            arity  &  8 chars 
  215 000000E4 E5C01000        STRB             R1,[R0]
  216 000000E8 E59F00CC        LDR              R0,=UART_FIFOControlAddr
  217 000000EC E3A01047        MOV              R1,#UART_FIFOControlVal
  218 000000F0 E5C01000        STRB             R1,[R0]
  219 000000F4 E59F00BC        LDR              R0,=UART_InterruptEnableAddr
  220 000000F8 E3A01005        MOV              R1,#UART_InterruptEnableVal
  221 000000FC E5C01000        STRB             R1,[R0]
  222 00000100         ; read at U0RBR
  223 00000100 E59F00AC        LDR              R0,=UART_DataAddr
  224 00000104 E5D01000        LDRB             R1,[R0]
  225 00000108         ; write at U0THR to avoid too much interrupts.
  226 00000108 E3A01000        MOV              R1,#0x00
  227 0000010C E5C01000        STRB             R1,[R0]
  228 00000110         
  229 00000110         ;  turn off some peripherials
  230 00000110 E59F00A8        LDR              R0,=PCONP_ADDR
  231 00000114 E59F10A8        LDR              R1,=PCONP_VAL
  232 00000118 E5801000        STR              R1,[R0]
  233 0000011C         
  234 0000011C         ;  init the I2C bus
  235 0000011C         ; LDR     R0,=I2C_ControlSetAddr
  236 0000011C         ; LDR     R1,=I2C_ControlSetVal
  237 0000011C         ; STRB    R1,[R0]
  238 0000011C         ; LDR     R0,=I2C_ControlClearAddr
  239 0000011C         ; LDR     R1,=I2C_ControlClearVal
  240 0000011C         ; STRB    R1,[R0]
  241 0000011C         ; LDR     R0,=I2C_DutyCycleHighAddr
  242 0000011C         ; LDR     R1,=I2C_DutyCycleHighVal
  243 0000011C         ; STRH    R1,[R0]
  244 0000011C         ; LDR     R0,=I2C_DutyCycleLowAddr



ARM Macro Assembler    Page 8 


  245 0000011C         ; LDR     R1,=I2C_DutyCycleLowVal
  246 0000011C         ; STRH    R1,[R0]
  247 0000011C         
  248 0000011C         ; init MAM
  249 0000011C E59F10A4        LDR              R1,=0xE01FC000 ; MAMCR
  250 00000120 E3A00000        MOV              R0,#0x00    ;disable MAM
  251 00000124 E5C10000        STRB             R0,[R1]
  252 00000128 E59F109C        LDR              R1,=0xE01FC004 ; Fcclk >40MHz  
                                                            ,so MAMTIM=3
  253 0000012C E3A00003        MOV              R0,#0x03
  254 00000130 E5C10000        STRB             R0,[R1]
  255 00000134 E59F108C        LDR              R1,=0xE01FC000
  256 00000138 E3A00002        MOV              R0,#0x02    ;enable MAM
  257 0000013C E5C10000        STRB             R0,[R1]
  258 00000140         
  259 00000140         ; init the timer1 
  260 00000140 E59F1088        LDR              R1,=0xE0008000
  261 00000144 E3A00001        LDR              R0,= 0x01
  262 00000148 E5C10000        STRB             R0,[R1]     ; T1IR
  263 0000014C E59F1080        LDR              R1,=0xE0008008
  264 00000150 E3A00000        MOV              R0,#0x00
  265 00000154 E5C10000        STRB             R0,[R1]     ; T1TC
  266 00000158 E59F1078        LDR              R1,=0xE0008004
  267 0000015C E3A00001        MOV              R0,#0x01
  268 00000160 E5C10000        STRB             R0,[R1]     ;  T1TCR
  269 00000164 E59F1070        LDR              R1,=0xE0008014
  270 00000168 E3A00003        MOV              R0,#0x03
  271 0000016C E1C100B0        STRH             R0,[R1]     ; T1MCR
  272 00000170 E59F1068        LDR              R1,=0xE0008018
  273 00000174 E3A00987        LDR              R0,=11059200/5 ; Fosc * 4 /  OS
                                                            _TICKS_PER_SEC
  274 00000178 E5810000        STR              R0,[R1]     ;   T1MR0
  275 0000017C         
  276 0000017C E12FFF1E        BX               LR
  277 00000180         
  278 00000180         
  279 00000180                 END
              FFFFF014 
              FFFFF00C 
              FFFFF020 
              FFFFF200 
              FFFFF034 
              00000000 
              FFFFF010 
              E0028000 
              7B00BE00 
              E0028010 
              E0028020 
              E0028030 
              E000C00C 
              E000C000 
              E000C004 
              E000C008 
              E01FC0C4 
              00000A8E 
              E01FC000 
              E01FC004 
              E0008000 
              E0008008 



ARM Macro Assembler    Page 9 


              E0008004 
              E0008014 
              E0008018 
Command Line: --debug --xref --device=DARMP --apcs=interwork -oPeripherialInit.
o -I"D:\Keil for ARM\ARM\INC\Philips" --list=PeripherialInit.lst PeripherialIni
t.s



ARM Macro Assembler    Page 1 Alphabetic symbol ordering
Relocatable symbols

PERIPHERIAL_INIT 00000000

Symbol: PERIPHERIAL_INIT
   Definitions
      At line 126 in file PeripherialInit.s
   Uses
      At line 123 in file PeripherialInit.s
Comment: PERIPHERIAL_INIT used once
PERI_INIT 00000000

Symbol: PERI_INIT
   Definitions
      At line 121 in file PeripherialInit.s
   Uses
      None
Comment: PERI_INIT unused
2 symbols



ARM Macro Assembler    Page 1 Alphabetic symbol ordering
Relocatable symbols

.debug_info$$$PERI_INIT 00000000

Symbol: .debug_info$$$PERI_INIT
   Definitions
      None
   Uses
      None
Warning: .debug_info$$$PERI_INIT undefinedComment: .debug_info$$$PERI_INIT unus
ed
1 symbol



ARM Macro Assembler    Page 1 Alphabetic symbol ordering
Relocatable symbols

.debug_line$$$PERI_INIT 00000000

Symbol: .debug_line$$$PERI_INIT
   Definitions
      None
   Uses
      None
Warning: .debug_line$$$PERI_INIT undefinedComment: .debug_line$$$PERI_INIT unus
ed
1 symbol



ARM Macro Assembler    Page 1 Alphabetic symbol ordering
Relocatable symbols

.debug_abbrev 00000000

Symbol: .debug_abbrev
   Definitions
      None
   Uses
      None
Warning: .debug_abbrev undefinedComment: .debug_abbrev unused
__ARM_asm.debug_abbrev 00000000

Symbol: __ARM_asm.debug_abbrev
   Definitions
      None
   Uses
      None
Warning: __ARM_asm.debug_abbrev undefinedComment: __ARM_asm.debug_abbrev unused
2 symbols



ARM Macro Assembler    Page 1 Alphabetic symbol ordering
Absolute symbols

GPIO_PORT0_BASE E0028000

Symbol: GPIO_PORT0_BASE
   Definitions
      At line 83 in file PeripherialInit.s
   Uses
      At line 158 in file PeripherialInit.s
Comment: GPIO_PORT0_BASE used once
GPIO_PORT0_CLR_ADDR E002800C

Symbol: GPIO_PORT0_CLR_ADDR
   Definitions
      At line 87 in file PeripherialInit.s
   Uses
      None
Comment: GPIO_PORT0_CLR_ADDR unused
GPIO_PORT0_CLR_VAL 7B00BE00

Symbol: GPIO_PORT0_CLR_VAL
   Definitions
      At line 90 in file PeripherialInit.s
   Uses
      At line 163 in file PeripherialInit.s
Comment: GPIO_PORT0_CLR_VAL used once
GPIO_PORT0_DIR_ADDR E0028008

Symbol: GPIO_PORT0_DIR_ADDR
   Definitions
      At line 85 in file PeripherialInit.s
   Uses
      None
Comment: GPIO_PORT0_DIR_ADDR unused
GPIO_PORT0_DIR_VAL 00000000

Symbol: GPIO_PORT0_DIR_VAL
   Definitions
      At line 88 in file PeripherialInit.s
   Uses
      At line 159 in file PeripherialInit.s
Comment: GPIO_PORT0_DIR_VAL used once
GPIO_PORT0_SET_ADDR E0028004

Symbol: GPIO_PORT0_SET_ADDR
   Definitions
      At line 86 in file PeripherialInit.s
   Uses
      None
Comment: GPIO_PORT0_SET_ADDR unused
GPIO_PORT0_SET_VAL 00000040

Symbol: GPIO_PORT0_SET_VAL
   Definitions
      At line 89 in file PeripherialInit.s
   Uses
      At line 161 in file PeripherialInit.s
Comment: GPIO_PORT0_SET_VAL used once
GPIO_PORT1_BASE E0028010

Symbol: GPIO_PORT1_BASE



ARM Macro Assembler    Page 2 Alphabetic symbol ordering
Absolute symbols

   Definitions
      At line 92 in file PeripherialInit.s
   Uses
      At line 166 in file PeripherialInit.s
Comment: GPIO_PORT1_BASE used once
GPIO_PORT1_CLR_ADDR E002801C

Symbol: GPIO_PORT1_CLR_ADDR
   Definitions
      At line 96 in file PeripherialInit.s
   Uses
      None
Comment: GPIO_PORT1_CLR_ADDR unused
GPIO_PORT1_CLR_VAL 03C00000

Symbol: GPIO_PORT1_CLR_VAL
   Definitions
      At line 99 in file PeripherialInit.s
   Uses
      At line 171 in file PeripherialInit.s
Comment: GPIO_PORT1_CLR_VAL used once
GPIO_PORT1_DIR_ADDR E0028018

Symbol: GPIO_PORT1_DIR_ADDR
   Definitions
      At line 94 in file PeripherialInit.s
   Uses
      None
Comment: GPIO_PORT1_DIR_ADDR unused
GPIO_PORT1_DIR_VAL 00000000

Symbol: GPIO_PORT1_DIR_VAL
   Definitions
      At line 97 in file PeripherialInit.s
   Uses
      At line 167 in file PeripherialInit.s
Comment: GPIO_PORT1_DIR_VAL used once
GPIO_PORT1_SET_ADDR E0028014

Symbol: GPIO_PORT1_SET_ADDR
   Definitions
      At line 95 in file PeripherialInit.s
   Uses
      None
Comment: GPIO_PORT1_SET_ADDR unused
GPIO_PORT1_SET_VAL 00010000

Symbol: GPIO_PORT1_SET_VAL
   Definitions
      At line 98 in file PeripherialInit.s
   Uses
      At line 169 in file PeripherialInit.s
Comment: GPIO_PORT1_SET_VAL used once
GPIO_PORT2_BASE E0028020

Symbol: GPIO_PORT2_BASE
   Definitions
      At line 101 in file PeripherialInit.s
   Uses



ARM Macro Assembler    Page 3 Alphabetic symbol ordering
Absolute symbols

      At line 174 in file PeripherialInit.s
Comment: GPIO_PORT2_BASE used once
GPIO_PORT2_CLR_ADDR E002802C

Symbol: GPIO_PORT2_CLR_ADDR
   Definitions
      At line 105 in file PeripherialInit.s
   Uses
      None
Comment: GPIO_PORT2_CLR_ADDR unused
GPIO_PORT2_CLR_VAL 01E00000

Symbol: GPIO_PORT2_CLR_VAL
   Definitions
      At line 108 in file PeripherialInit.s
   Uses
      At line 179 in file PeripherialInit.s
Comment: GPIO_PORT2_CLR_VAL used once
GPIO_PORT2_DIR_ADDR E0028028

Symbol: GPIO_PORT2_DIR_ADDR
   Definitions
      At line 103 in file PeripherialInit.s
   Uses
      None
Comment: GPIO_PORT2_DIR_ADDR unused
GPIO_PORT2_DIR_VAL 00000000

Symbol: GPIO_PORT2_DIR_VAL
   Definitions
      At line 106 in file PeripherialInit.s
   Uses
      At line 175 in file PeripherialInit.s
Comment: GPIO_PORT2_DIR_VAL used once
GPIO_PORT2_SET_ADDR E0028024

Symbol: GPIO_PORT2_SET_ADDR
   Definitions
      At line 104 in file PeripherialInit.s
   Uses
      None
Comment: GPIO_PORT2_SET_ADDR unused
GPIO_PORT2_SET_VAL 00010000

Symbol: GPIO_PORT2_SET_VAL
   Definitions
      At line 107 in file PeripherialInit.s
   Uses
      At line 177 in file PeripherialInit.s
Comment: GPIO_PORT2_SET_VAL used once
GPIO_PORT3_BASE E0028030

Symbol: GPIO_PORT3_BASE
   Definitions
      At line 110 in file PeripherialInit.s
   Uses
      At line 182 in file PeripherialInit.s
Comment: GPIO_PORT3_BASE used once
GPIO_PORT3_CLR_ADDR E002803C



ARM Macro Assembler    Page 4 Alphabetic symbol ordering
Absolute symbols


Symbol: GPIO_PORT3_CLR_ADDR
   Definitions
      At line 114 in file PeripherialInit.s
   Uses
      None
Comment: GPIO_PORT3_CLR_ADDR unused
GPIO_PORT3_CLR_VAL 00000000

Symbol: GPIO_PORT3_CLR_VAL
   Definitions
      At line 117 in file PeripherialInit.s
   Uses
      At line 187 in file PeripherialInit.s
Comment: GPIO_PORT3_CLR_VAL used once
GPIO_PORT3_DIR_ADDR E0028038

Symbol: GPIO_PORT3_DIR_ADDR
   Definitions
      At line 112 in file PeripherialInit.s
   Uses
      None
Comment: GPIO_PORT3_DIR_ADDR unused
GPIO_PORT3_DIR_VAL 00000000

Symbol: GPIO_PORT3_DIR_VAL
   Definitions
      At line 115 in file PeripherialInit.s
   Uses
      At line 183 in file PeripherialInit.s
Comment: GPIO_PORT3_DIR_VAL used once
GPIO_PORT3_SET_ADDR E0028034

Symbol: GPIO_PORT3_SET_ADDR
   Definitions
      At line 113 in file PeripherialInit.s
   Uses
      None
Comment: GPIO_PORT3_SET_ADDR unused
GPIO_PORT3_SET_VAL 20000000

Symbol: GPIO_PORT3_SET_VAL
   Definitions
      At line 116 in file PeripherialInit.s
   Uses
      At line 185 in file PeripherialInit.s
Comment: GPIO_PORT3_SET_VAL used once
PCONP_ADDR E01FC0C4

Symbol: PCONP_ADDR
   Definitions
      At line 77 in file PeripherialInit.s
   Uses
      At line 230 in file PeripherialInit.s
Comment: PCONP_ADDR used once
PCONP_VAL 00000A8E

Symbol: PCONP_VAL
   Definitions



ARM Macro Assembler    Page 5 Alphabetic symbol ordering
Absolute symbols

      At line 78 in file PeripherialInit.s
   Uses
      At line 231 in file PeripherialInit.s
Comment: PCONP_VAL used once
UART_DataAddr E000C000

Symbol: UART_DataAddr
   Definitions
      At line 72 in file PeripherialInit.s
   Uses
      At line 223 in file PeripherialInit.s
Comment: UART_DataAddr used once
UART_DivideHighAddr E000C004

Symbol: UART_DivideHighAddr
   Definitions
      At line 59 in file PeripherialInit.s
   Uses
      At line 209 in file PeripherialInit.s
Comment: UART_DivideHighAddr used once
UART_DivideHighExtVal 00000000

Symbol: UART_DivideHighExtVal
   Definitions
      At line 61 in file PeripherialInit.s
   Uses
      None
Comment: UART_DivideHighExtVal unused
UART_DivideHighVal 00000000

Symbol: UART_DivideHighVal
   Definitions
      At line 60 in file PeripherialInit.s
   Uses
      At line 210 in file PeripherialInit.s
Comment: UART_DivideHighVal used once
UART_DivideLowAddr E000C000

Symbol: UART_DivideLowAddr
   Definitions
      At line 56 in file PeripherialInit.s
   Uses
      At line 206 in file PeripherialInit.s
Comment: UART_DivideLowAddr used once
UART_DivideLowExtVal 00000047

Symbol: UART_DivideLowExtVal
   Definitions
      At line 58 in file PeripherialInit.s
   Uses
      None
Comment: UART_DivideLowExtVal unused
UART_DivideLowVal 0000005A

Symbol: UART_DivideLowVal
   Definitions
      At line 57 in file PeripherialInit.s
   Uses
      At line 207 in file PeripherialInit.s



ARM Macro Assembler    Page 6 Alphabetic symbol ordering
Absolute symbols

Comment: UART_DivideLowVal used once
UART_EXT_BAUD_SETTING 00000000

Symbol: UART_EXT_BAUD_SETTING
   Definitions
      At line 49 in file PeripherialInit.s
   Uses
      At line 195 in file PeripherialInit.s
Comment: UART_EXT_BAUD_SETTING used once
UART_FIFOControlAddr E000C008

Symbol: UART_FIFOControlAddr
   Definitions
      At line 66 in file PeripherialInit.s
   Uses
      At line 216 in file PeripherialInit.s
Comment: UART_FIFOControlAddr used once
UART_FIFOControlVal 00000047

Symbol: UART_FIFOControlVal
   Definitions
      At line 67 in file PeripherialInit.s
   Uses
      At line 217 in file PeripherialInit.s
Comment: UART_FIFOControlVal used once
UART_FractionDivideAddr E000C028

Symbol: UART_FractionDivideAddr
   Definitions
      At line 63 in file PeripherialInit.s
   Uses
      None
Comment: UART_FractionDivideAddr unused
UART_FractionDivideVal 000000E5

Symbol: UART_FractionDivideVal
   Definitions
      At line 64 in file PeripherialInit.s
   Uses
      None
Comment: UART_FractionDivideVal unused
UART_InterruptEnableAddr E000C004

Symbol: UART_InterruptEnableAddr
   Definitions
      At line 69 in file PeripherialInit.s
   Uses
      At line 219 in file PeripherialInit.s
Comment: UART_InterruptEnableAddr used once
UART_InterruptEnableVal 00000005

Symbol: UART_InterruptEnableVal
   Definitions
      At line 70 in file PeripherialInit.s
   Uses
      At line 220 in file PeripherialInit.s
Comment: UART_InterruptEnableVal used once
UART_LineControlAddr E000C00C




ARM Macro Assembler    Page 7 Alphabetic symbol ordering
Absolute symbols

Symbol: UART_LineControlAddr
   Definitions
      At line 51 in file PeripherialInit.s
   Uses
      At line 191 in file PeripherialInit.s
      At line 213 in file PeripherialInit.s

UART_LineControlVal 0000001B

Symbol: UART_LineControlVal
   Definitions
      At line 52 in file PeripherialInit.s
   Uses
      At line 214 in file PeripherialInit.s
Comment: UART_LineControlVal used once
VIC_InterruptClearAddr FFFFF014

Symbol: VIC_InterruptClearAddr
   Definitions
      At line 8 in file PeripherialInit.s
   Uses
      At line 128 in file PeripherialInit.s
Comment: VIC_InterruptClearAddr used once
VIC_InterruptEnableAddr FFFFF010

Symbol: VIC_InterruptEnableAddr
   Definitions
      At line 10 in file PeripherialInit.s
   Uses
      At line 148 in file PeripherialInit.s
Comment: VIC_InterruptEnableAddr used once
VIC_InterruptEnableVal 00000020

Symbol: VIC_InterruptEnableVal
   Definitions
      At line 11 in file PeripherialInit.s
   Uses
      At line 149 in file PeripherialInit.s
Comment: VIC_InterruptEnableVal used once
VIC_InterruptProtectionAddr FFFFF020

Symbol: VIC_InterruptProtectionAddr
   Definitions
      At line 5 in file PeripherialInit.s
   Uses
      At line 136 in file PeripherialInit.s
Comment: VIC_InterruptProtectionAddr used once
VIC_InterruptProtectionVal 00000001

Symbol: VIC_InterruptProtectionVal
   Definitions
      At line 6 in file PeripherialInit.s
   Uses
      At line 137 in file PeripherialInit.s
Comment: VIC_InterruptProtectionVal used once
VIC_InterruptSelectAddr FFFFF00C

Symbol: VIC_InterruptSelectAddr
   Definitions



ARM Macro Assembler    Page 8 Alphabetic symbol ordering
Absolute symbols

      At line 14 in file PeripherialInit.s
   Uses
      At line 132 in file PeripherialInit.s
Comment: VIC_InterruptSelectAddr used once
VIC_InterruptSelectVal 00000000

Symbol: VIC_InterruptSelectVal
   Definitions
      At line 15 in file PeripherialInit.s
   Uses
      At line 133 in file PeripherialInit.s
Comment: VIC_InterruptSelectVal used once
VIC_vectInterrputDefISRAddr FFFFF034

Symbol: VIC_vectInterrputDefISRAddr
   Definitions
      At line 45 in file PeripherialInit.s
   Uses
      At line 144 in file PeripherialInit.s
Comment: VIC_vectInterrputDefISRAddr used once
VIC_vectInterrputSlot0AAddr FFFFF100

Symbol: VIC_vectInterrputSlot0AAddr
   Definitions
      At line 33 in file PeripherialInit.s
   Uses
      None
Comment: VIC_vectInterrputSlot0AAddr unused
VIC_vectInterrputSlot0SAddr FFFFF200

Symbol: VIC_vectInterrputSlot0SAddr
   Definitions
      At line 19 in file PeripherialInit.s
   Uses
      At line 140 in file PeripherialInit.s
Comment: VIC_vectInterrputSlot0SAddr used once
VIC_vectInterrputSlot0SVal 00000025

Symbol: VIC_vectInterrputSlot0SVal
   Definitions
      At line 25 in file PeripherialInit.s
   Uses
      At line 141 in file PeripherialInit.s
Comment: VIC_vectInterrputSlot0SVal used once
VIC_vectInterrputSlot1AAddr FFFFF104

Symbol: VIC_vectInterrputSlot1AAddr
   Definitions
      At line 34 in file PeripherialInit.s
   Uses
      None
Comment: VIC_vectInterrputSlot1AAddr unused
VIC_vectInterrputSlot1SAddr FFFFF204

Symbol: VIC_vectInterrputSlot1SAddr
   Definitions
      At line 20 in file PeripherialInit.s
   Uses
      None



ARM Macro Assembler    Page 9 Alphabetic symbol ordering
Absolute symbols

Comment: VIC_vectInterrputSlot1SAddr unused
VIC_vectInterrputSlot1SVal 00000026

Symbol: VIC_vectInterrputSlot1SVal
   Definitions
      At line 26 in file PeripherialInit.s
   Uses
      None
Comment: VIC_vectInterrputSlot1SVal unused
VIC_vectInterrputSlot2AAddr FFFFF108

Symbol: VIC_vectInterrputSlot2AAddr
   Definitions
      At line 35 in file PeripherialInit.s
   Uses
      None
Comment: VIC_vectInterrputSlot2AAddr unused
VIC_vectInterrputSlot2SAddr FFFFF208

Symbol: VIC_vectInterrputSlot2SAddr
   Definitions
      At line 21 in file PeripherialInit.s
   Uses
      None
Comment: VIC_vectInterrputSlot2SAddr unused
VIC_vectInterrputSlot2SVal 00000024

Symbol: VIC_vectInterrputSlot2SVal
   Definitions
      At line 27 in file PeripherialInit.s
   Uses
      None
Comment: VIC_vectInterrputSlot2SVal unused
VIC_vectInterrputSlot3AAddr FFFFF10C

Symbol: VIC_vectInterrputSlot3AAddr
   Definitions
      At line 36 in file PeripherialInit.s
   Uses
      None
Comment: VIC_vectInterrputSlot3AAddr unused
VIC_vectInterrputSlot3SAddr FFFFF20C

Symbol: VIC_vectInterrputSlot3SAddr
   Definitions
      At line 22 in file PeripherialInit.s
   Uses
      None
Comment: VIC_vectInterrputSlot3SAddr unused
VIC_vectInterrputSlot3SVal 00000029

Symbol: VIC_vectInterrputSlot3SVal
   Definitions
      At line 28 in file PeripherialInit.s
   Uses
      None
Comment: VIC_vectInterrputSlot3SVal unused
VIC_vectInterrputSlot4AAddr FFFFF110




ARM Macro Assembler    Page 10 Alphabetic symbol ordering
Absolute symbols

Symbol: VIC_vectInterrputSlot4AAddr
   Definitions
      At line 37 in file PeripherialInit.s
   Uses
      None
Comment: VIC_vectInterrputSlot4AAddr unused
VIC_vectInterrputSlot4SAddr FFFFF210

Symbol: VIC_vectInterrputSlot4SAddr
   Definitions
      At line 23 in file PeripherialInit.s
   Uses
      None
Comment: VIC_vectInterrputSlot4SAddr unused
VIC_vectInterrputSlot4SVal 0000002D

Symbol: VIC_vectInterrputSlot4SVal
   Definitions
      At line 29 in file PeripherialInit.s
   Uses
      None
Comment: VIC_vectInterrputSlot4SVal unused
69 symbols



ARM Macro Assembler    Page 1 Alphabetic symbol ordering
External symbols

Default_vIRQ_ISR 00000000

Symbol: Default_vIRQ_ISR
   Definitions
      At line 31 in file PeripherialInit.s
   Uses
      At line 145 in file PeripherialInit.s
Comment: Default_vIRQ_ISR used once
1 symbol
397 symbols in table
